{
    "LoadBalancers": [
        {
            "LoadBalancerArn": "arn:aws:elasticloadbalancing:eu-west-2:410539830770:loadbalancer/app/bluegreen-alb/4014e7817e28f014",
            "DNSName": "bluegreen-alb-1934014518.eu-west-2.elb.amazonaws.com",
            "CanonicalHostedZoneId": "ZHURV8PSTC4K8",
            "CreatedTime": "2021-02-13T22:21:29.530Z",
            "LoadBalancerName": "bluegreen-alb",
            "Scheme": "internet-facing",
            "VpcId": "vpc-04678bbc693e82229",
            "State": {
                "Code": "provisioning"
            },
            "Type": "application",
            "AvailabilityZones": [
                {
                    "ZoneName": "eu-west-2b",
                    "SubnetId": "subnet-01fdc81a80b923c2a",
                    "LoadBalancerAddresses": []
                },
                {
                    "ZoneName": "eu-west-2a",
                    "SubnetId": "subnet-0decf97a4da1eccc2",
                    "LoadBalancerAddresses": []
                }
            ],
            "SecurityGroups": [
                "sg-0a08a1515eb97cf56"
            ],
            "IpAddressType": "ipv4"
        }
    ]
}
